<?xml version="1.0" encoding="UTF-8"?>
<!-- Generated by org.testng.reporters.JUnitXMLReporter -->
<testsuite hostname="Sf-PC" name="TC01-Verify google page" tests="1" failures="1" timestamp="10 Dec 2019 05:10:07 GMT" time="3.708" errors="0">
  <testcase name="f" time="3.703" classname="testngExample.TC01">
    <failure type="java.lang.AssertionError" message="expected [Googleeeee] but found [Google]">
      <![CDATA[java.lang.AssertionError: expected [Googleeeee] but found [Google]
	at testngExample.TC01.f(TC01.java:17)
... Removed 29 stack frames]]>
    </failure>
  </testcase> <!-- f -->
</testsuite> <!-- TC01-Verify google page -->
