<?xml version="1.0" encoding="UTF-8"?>
<!-- Generated by org.testng.reporters.JUnitXMLReporter -->
<testsuite hostname="Sf-PC" name="TC01-Verify google page" tests="4" failures="0" timestamp="11 Dec 2019 05:24:46 GMT" time="6.228" errors="0">
  <testcase name="ts01" time="2.579" classname="testngExample.TC01"/>
  <testcase name="ts02" time="2.956" classname="testngExample.TC01"/>
  <testcase name="ts03" time="0.011" classname="testngExample.TC01"/>
  <testcase name="ts04" time="0.668" classname="testngExample.TC01"/>
</testsuite> <!-- TC01-Verify google page -->
