<?xml version="1.0" encoding="UTF-8"?>
<testng-results skipped="0" failed="0" total="2" passed="2">
  <reporter-output>
  </reporter-output>
  <suite name="Google" duration-ms="14501" started-at="2019-12-13T05:03:58Z" finished-at="2019-12-13T05:04:12Z">
    <groups>
    </groups>
    <test name="TC01-Verify google page" duration-ms="6166" started-at="2019-12-13T05:03:58Z" finished-at="2019-12-13T05:04:04Z">
      <class name="testngExample.TC01">
        <test-method status="PASS" signature="setUp()[pri:0, instance:testngExample.TC01@5b275dab]" name="setUp" is-config="true" duration-ms="5286" started-at="2019-12-13T10:33:58Z" finished-at="2019-12-13T10:34:03Z">
          <reporter-output>
          </reporter-output>
        </test-method> <!-- setUp -->
        <test-method status="PASS" signature="ts01()[pri:0, instance:testngExample.TC01@5b275dab]" name="ts01" duration-ms="636" started-at="2019-12-13T10:34:03Z" finished-at="2019-12-13T10:34:04Z">
          <reporter-output>
          </reporter-output>
        </test-method> <!-- ts01 -->
        <test-method status="PASS" signature="tearDown()[pri:0, instance:testngExample.TC01@5b275dab]" name="tearDown" is-config="true" duration-ms="233" started-at="2019-12-13T10:34:04Z" finished-at="2019-12-13T10:34:04Z">
          <reporter-output>
          </reporter-output>
        </test-method> <!-- tearDown -->
      </class> <!-- testngExample.TC01 -->
    </test> <!-- TC01-Verify google page -->
    <test name="TC02-Verify gmail page" duration-ms="8315" started-at="2019-12-13T05:04:04Z" finished-at="2019-12-13T05:04:12Z">
      <class name="testngExample.TC02">
        <test-method status="PASS" signature="setUp()[pri:0, instance:testngExample.TC02@5622fdf]" name="setUp" is-config="true" duration-ms="5229" started-at="2019-12-13T10:34:04Z" finished-at="2019-12-13T10:34:09Z">
          <reporter-output>
          </reporter-output>
        </test-method> <!-- setUp -->
        <test-method status="PASS" signature="f()[pri:0, instance:testngExample.TC02@5622fdf]" name="f" duration-ms="2925" started-at="2019-12-13T10:34:09Z" finished-at="2019-12-13T10:34:12Z">
          <reporter-output>
          </reporter-output>
        </test-method> <!-- f -->
        <test-method status="PASS" signature="tearDown()[pri:0, instance:testngExample.TC02@5622fdf]" name="tearDown" is-config="true" duration-ms="156" started-at="2019-12-13T10:34:12Z" finished-at="2019-12-13T10:34:12Z">
          <reporter-output>
          </reporter-output>
        </test-method> <!-- tearDown -->
      </class> <!-- testngExample.TC02 -->
    </test> <!-- TC02-Verify gmail page -->
  </suite> <!-- Google -->
</testng-results>
