<?xml version="1.0" encoding="UTF-8"?>
<testng-results skipped="0" failed="0" total="8" passed="8">
  <reporter-output>
  </reporter-output>
  <suite name="Google" duration-ms="6795" started-at="2019-12-11T05:24:40Z" finished-at="2019-12-11T05:24:46Z">
    <groups>
    </groups>
    <test name="TC01-Verify google page" duration-ms="6228" started-at="2019-12-11T05:24:40Z" finished-at="2019-12-11T05:24:46Z">
      <class name="testngExample.TC01">
        <test-method status="PASS" signature="ts01()[pri:0, instance:testngExample.TC01@14acaea5]" name="ts01" duration-ms="2579" started-at="2019-12-11T10:54:40Z" finished-at="2019-12-11T10:54:42Z">
          <reporter-output>
          </reporter-output>
        </test-method> <!-- ts01 -->
        <test-method status="PASS" signature="ts02(java.lang.String)[pri:0, instance:testngExample.TC01@14acaea5]" name="ts02" duration-ms="2956" started-at="2019-12-11T10:54:42Z" finished-at="2019-12-11T10:54:45Z">
          <params>
            <param index="0">
              <value>
                <![CDATA[http://google.com]]>
              </value>
            </param>
          </params>
          <reporter-output>
          </reporter-output>
        </test-method> <!-- ts02 -->
        <test-method status="PASS" signature="ts03(java.lang.String)[pri:0, instance:testngExample.TC01@14acaea5]" name="ts03" duration-ms="11" started-at="2019-12-11T10:54:45Z" finished-at="2019-12-11T10:54:45Z">
          <params>
            <param index="0">
              <value>
                <![CDATA[Google]]>
              </value>
            </param>
          </params>
          <reporter-output>
          </reporter-output>
        </test-method> <!-- ts03 -->
        <test-method status="PASS" signature="ts04()[pri:0, instance:testngExample.TC01@14acaea5]" name="ts04" duration-ms="668" started-at="2019-12-11T10:54:45Z" finished-at="2019-12-11T10:54:46Z">
          <reporter-output>
          </reporter-output>
        </test-method> <!-- ts04 -->
      </class> <!-- testngExample.TC01 -->
    </test> <!-- TC01-Verify google page -->
    <test name="TC02-Verify gmail page" duration-ms="6795" started-at="2019-12-11T05:24:40Z" finished-at="2019-12-11T05:24:46Z">
      <class name="testngExample.TC01">
        <test-method status="PASS" signature="ts01()[pri:0, instance:testngExample.TC01@6a4f787b]" name="ts01" duration-ms="2579" started-at="2019-12-11T10:54:40Z" finished-at="2019-12-11T10:54:42Z">
          <reporter-output>
          </reporter-output>
        </test-method> <!-- ts01 -->
        <test-method status="PASS" signature="ts02(java.lang.String)[pri:0, instance:testngExample.TC01@6a4f787b]" name="ts02" duration-ms="3429" started-at="2019-12-11T10:54:42Z" finished-at="2019-12-11T10:54:46Z">
          <params>
            <param index="0">
              <value>
                <![CDATA[http://gmail.com]]>
              </value>
            </param>
          </params>
          <reporter-output>
          </reporter-output>
        </test-method> <!-- ts02 -->
        <test-method status="PASS" signature="ts03(java.lang.String)[pri:0, instance:testngExample.TC01@6a4f787b]" name="ts03" duration-ms="6" started-at="2019-12-11T10:54:46Z" finished-at="2019-12-11T10:54:46Z">
          <params>
            <param index="0">
              <value>
                <![CDATA[Gmail]]>
              </value>
            </param>
          </params>
          <reporter-output>
          </reporter-output>
        </test-method> <!-- ts03 -->
        <test-method status="PASS" signature="ts04()[pri:0, instance:testngExample.TC01@6a4f787b]" name="ts04" duration-ms="767" started-at="2019-12-11T10:54:46Z" finished-at="2019-12-11T10:54:46Z">
          <reporter-output>
          </reporter-output>
        </test-method> <!-- ts04 -->
      </class> <!-- testngExample.TC01 -->
    </test> <!-- TC02-Verify gmail page -->
  </suite> <!-- Google -->
</testng-results>
